TN:
SF:lib/application/blocs/authentication.dart
FNF:0
FNH:0
DA:13,13
DA:14,2
DA:15,2
DA:16,1
DA:17,12
DA:22,1
DA:25,1
DA:26,4
DA:32,1
DA:33,2
DA:34,1
DA:35,1
DA:36,3
DA:37,1
DA:39,2
DA:41,1
DA:42,2
DA:44,1
DA:45,4
DA:50,1
DA:51,3
DA:52,2
DA:55,1
DA:57,2
DA:59,1
DA:64,1
DA:66,4
LF:27
LH:27
end_of_record
TN:
SF:lib/application/use_cases/create_firestore_user.dart
FNF:0
FNH:0
DA:9,12
DA:10,1
DA:11,2
DA:12,1
DA:17,2
DA:18,2
DA:23,2
DA:30,2
DA:34,14
DA:35,2
DA:36,2
DA:39,2
DA:40,4
DA:41,4
DA:43,14
DA:44,2
DA:45,1
DA:46,2
LF:18
LH:18
end_of_record
TN:
SF:lib/core/adapters.dart
FNF:0
FNH:0
DA:14,2
DA:31,3
DA:43,3
DA:44,15
LF:4
LH:4
end_of_record
TN:
SF:lib/core/use_cases.dart
FNF:0
FNH:0
DA:8,14
DA:12,24
DA:25,0
DA:31,7
DA:37,3
DA:43,6
DA:49,0
DA:55,0
LF:8
LH:5
end_of_record
TN:
SF:lib/data/adapters/dio_adapter.dart
FNF:0
FNH:0
DA:6,10
DA:7,2
DA:8,2
DA:12,3
DA:18,3
DA:27,3
DA:28,9
DA:32,2
DA:37,1
DA:38,3
DA:39,1
DA:40,1
DA:41,1
DA:43,1
DA:44,3
DA:45,2
DA:47,0
DA:52,0
DA:53,0
DA:54,0
DA:55,0
DA:56,0
DA:57,0
DA:59,0
DA:60,0
DA:61,0
DA:63,0
DA:68,0
DA:69,0
DA:70,0
DA:71,0
DA:72,0
DA:73,0
DA:75,0
DA:76,0
DA:77,0
DA:79,0
DA:84,0
DA:85,0
DA:86,0
DA:87,0
DA:88,0
DA:89,0
DA:91,0
DA:92,0
DA:93,0
DA:95,0
DA:100,0
DA:101,0
DA:102,0
DA:103,0
DA:104,0
DA:106,0
DA:107,0
DA:108,0
DA:110,0
LF:56
LH:16
end_of_record
TN:
SF:lib/data/repositories/repository.dart
FNF:0
FNH:0
DA:3,1
LF:1
LH:1
end_of_record
TN:
SF:lib/domain/models/app_user.dart
FNF:0
FNH:0
DA:10,4
DA:18,6
DA:19,6
DA:21,1
DA:22,3
LF:5
LH:5
end_of_record
TN:
SF:lib/features/games/application/blocs/favorites_list.dart
FNF:0
FNH:0
DA:31,24
DA:36,0
DA:40,3
DA:41,1
DA:42,2
DA:43,2
DA:44,2
DA:45,2
DA:46,2
DA:47,2
DA:49,1
DA:50,1
DA:58,1
DA:65,1
DA:73,1
DA:74,1
DA:75,6
DA:76,1
DA:91,1
DA:92,2
DA:93,1
DA:96,1
DA:97,1
DA:98,1
DA:99,1
DA:100,2
DA:101,2
DA:102,2
DA:103,1
DA:104,0
DA:106,1
DA:107,4
DA:109,1
DA:110,4
DA:113,1
DA:114,2
DA:115,2
DA:116,1
DA:117,4
DA:118,2
DA:120,1
DA:121,1
DA:122,3
DA:123,2
DA:125,2
DA:126,1
DA:127,1
DA:131,3
DA:133,2
DA:134,2
DA:135,1
DA:136,0
DA:137,1
DA:139,1
DA:140,1
DA:141,1
DA:144,1
DA:145,1
DA:146,0
DA:147,1
DA:149,1
DA:150,0
DA:151,1
DA:157,1
DA:158,3
DA:160,1
DA:161,1
DA:162,1
DA:165,1
DA:170,1
DA:172,3
DA:173,1
DA:174,2
DA:175,1
DA:177,0
DA:178,0
DA:183,1
DA:184,3
DA:186,1
DA:187,1
DA:188,5
DA:189,1
DA:190,1
DA:191,1
DA:192,2
DA:195,0
DA:196,0
DA:203,1
DA:204,3
DA:206,1
DA:207,1
DA:208,5
DA:209,1
DA:210,2
DA:211,1
DA:213,0
DA:214,0
DA:221,1
DA:222,1
DA:223,1
DA:224,1
DA:225,1
DA:226,1
DA:230,1
DA:231,3
DA:232,0
DA:236,1
DA:237,3
DA:238,1
DA:239,1
DA:240,1
DA:243,1
DA:244,0
DA:245,0
DA:246,0
DA:247,0
DA:251,2
DA:255,0
DA:256,0
DA:257,0
DA:258,0
DA:259,0
DA:262,0
DA:263,0
DA:264,0
DA:265,0
DA:266,0
DA:270,0
LF:128
LH:101
end_of_record
TN:
SF:lib/features/games/application/blocs/games_list.dart
FNF:0
FNH:0
DA:10,0
DA:11,0
DA:12,0
DA:13,0
DA:15,0
DA:16,0
DA:17,0
DA:19,0
DA:20,0
DA:21,0
DA:22,0
DA:25,0
LF:12
LH:0
end_of_record
TN:
SF:lib/features/games/application/services/favorites_service.dart
FNF:0
FNH:0
DA:8,14
DA:9,4
DA:10,2
DA:11,8
DA:14,2
DA:19,2
DA:20,8
DA:21,2
DA:22,2
DA:24,2
DA:32,1
DA:34,7
DA:36,2
DA:37,1
DA:38,1
DA:39,3
LF:16
LH:16
end_of_record
TN:
SF:lib/features/games/application/use_cases/add_favorite_game.dart
FNF:0
FNH:0
DA:7,4
DA:8,4
DA:9,4
DA:10,2
DA:11,4
DA:15,2
DA:20,2
DA:23,10
DA:25,1
DA:26,2
LF:10
LH:10
end_of_record
TN:
SF:lib/features/games/application/use_cases/fetch_all_games.dart
FNF:0
FNH:0
DA:9,8
DA:10,4
DA:11,2
DA:12,4
DA:13,4
DA:17,2
DA:18,6
DA:21,3
DA:30,3
DA:31,9
DA:32,3
DA:33,6
DA:37,3
DA:38,3
DA:39,15
LF:15
LH:15
end_of_record
TN:
SF:lib/features/games/application/use_cases/fetch_user_favorites.dart
FNF:0
FNH:0
DA:8,6
DA:9,2
DA:10,4
DA:12,2
DA:14,4
DA:19,2
DA:26,2
DA:30,12
DA:31,4
DA:35,10
DA:36,2
DA:37,1
DA:38,2
LF:13
LH:13
end_of_record
TN:
SF:lib/features/games/application/use_cases/filter_games_list.dart
FNF:0
FNH:0
DA:8,4
DA:14,4
DA:16,1
DA:19,1
DA:20,1
DA:21,2
DA:22,1
DA:23,1
DA:24,5
LF:9
LH:9
end_of_record
TN:
SF:lib/features/games/application/use_cases/merge_game_favorites.dart
FNF:0
FNH:0
DA:16,6
DA:17,2
DA:18,4
DA:19,2
DA:21,4
DA:25,3
DA:31,2
DA:33,10
DA:34,2
DA:35,2
DA:36,4
DA:37,2
DA:38,4
DA:39,2
DA:41,2
DA:42,4
DA:45,2
DA:46,1
DA:47,6
DA:48,1
DA:49,1
DA:50,1
DA:51,1
DA:52,1
DA:54,1
DA:58,1
LF:26
LH:26
end_of_record
TN:
SF:lib/features/games/application/use_cases/remove_favorite_game.dart
FNF:0
FNH:0
DA:7,4
DA:8,4
DA:9,4
DA:10,2
DA:11,4
DA:15,2
DA:20,1
DA:23,5
DA:25,1
DA:26,2
LF:10
LH:10
end_of_record
TN:
SF:lib/features/games/application/use_cases/setup_game_favorites.dart
FNF:0
FNH:0
DA:15,3
DA:16,1
DA:17,2
DA:18,1
DA:20,2
DA:24,1
DA:30,1
DA:32,5
DA:33,1
DA:34,2
DA:35,1
DA:36,1
DA:37,1
DA:39,1
DA:40,2
DA:43,1
LF:16
LH:16
end_of_record
TN:
SF:lib/features/games/data/data_sources/games_api.dart
FNF:0
FNH:0
DA:3,9
DA:4,3
DA:8,27
LF:3
LH:3
end_of_record
TN:
SF:lib/features/games/data/repositories/games.dart
FNF:0
FNH:0
DA:11,4
DA:12,2
DA:13,5
DA:14,2
DA:16,1
DA:20,4
DA:23,1
DA:26,1
DA:30,1
DA:31,3
DA:33,1
DA:34,1
DA:37,1
LF:13
LH:13
end_of_record
TN:
SF:lib/features/games/domain/models/favorites/favorite.dart
FNF:0
FNH:0
DA:10,11
DA:20,6
DA:21,6
DA:22,12
DA:24,3
DA:25,12
LF:6
LH:6
end_of_record
TN:
SF:lib/features/games/domain/models/game/game.dart
FNF:0
FNH:0
DA:25,6
LF:1
LH:1
end_of_record
TN:
SF:lib/features/games/domain/value_objects/add_favorite_game_params.dart
FNF:0
FNH:0
DA:6,3
DA:11,1
DA:12,3
LF:3
LH:3
end_of_record
TN:
SF:lib/features/games/domain/value_objects/fetch_user_favorites_params.dart
FNF:0
FNH:0
DA:4,1
DA:5,1
DA:9,3
DA:13,1
DA:14,2
LF:5
LH:5
end_of_record
TN:
SF:lib/features/games/domain/value_objects/filter_games_list_params.dart
FNF:0
FNH:0
DA:7,2
DA:15,1
DA:16,3
LF:3
LH:3
end_of_record
TN:
SF:lib/features/games/domain/value_objects/merge_game_favorites_params.dart
FNF:0
FNH:0
DA:8,3
DA:20,1
DA:21,5
LF:3
LH:3
end_of_record
TN:
SF:lib/features/games/domain/value_objects/remove_favorite_game_params.dart
FNF:0
FNH:0
DA:5,2
DA:11,1
DA:12,3
LF:3
LH:3
end_of_record
TN:
SF:lib/features/games/domain/value_objects/setup_game_favorites_params.dart
FNF:0
FNH:0
DA:8,2
DA:18,1
DA:19,4
LF:3
LH:3
end_of_record
TN:
SF:lib/features/games/presentation/listing_page.dart
FNF:0
FNH:0
DA:12,1
DA:14,0
DA:16,0
DA:17,0
DA:18,0
DA:19,0
DA:20,0
DA:21,0
DA:25,0
DA:27,0
DA:28,0
DA:31,0
DA:33,0
DA:34,0
DA:36,0
DA:37,0
DA:38,0
DA:39,0
DA:40,0
DA:42,0
DA:43,0
LF:21
LH:1
end_of_record
TN:
SF:lib/features/games/presentation/my_favorites.dart
FNF:0
FNH:0
DA:12,1
DA:14,0
DA:15,0
DA:16,0
DA:19,0
DA:20,0
DA:21,0
DA:24,0
DA:26,0
DA:27,0
DA:32,1
DA:34,0
DA:36,0
DA:38,0
DA:39,0
DA:40,0
DA:41,0
DA:42,0
DA:44,0
DA:45,0
DA:46,0
DA:48,0
DA:53,0
DA:54,0
DA:55,0
DA:56,0
DA:57,0
DA:58,0
DA:59,0
DA:60,0
DA:62,0
DA:63,0
DA:64,0
DA:68,0
DA:72,0
LF:35
LH:2
end_of_record
TN:
SF:lib/features/games/presentation/view_models/game.dart
FNF:0
FNH:0
DA:12,2
DA:13,3
DA:18,6
DA:30,1
DA:31,2
DA:32,1
DA:34,1
DA:35,5
DA:37,5
DA:40,1
DA:45,2
DA:46,8
LF:12
LH:12
end_of_record
TN:
SF:lib/features/games/presentation/widgets/game_tile.dart
FNF:0
FNH:0
DA:9,0
DA:13,0
DA:15,0
DA:16,0
DA:18,0
DA:21,0
DA:22,0
DA:23,0
DA:24,0
DA:25,0
DA:26,0
DA:27,0
DA:28,0
DA:31,0
DA:32,0
DA:33,0
DA:34,0
DA:37,0
DA:47,0
DA:48,0
DA:49,0
DA:51,0
LF:22
LH:0
end_of_record
TN:
SF:lib/features/games/presentation/widgets/games_filter.dart
FNF:0
FNH:0
DA:6,1
DA:8,0
DA:10,0
DA:11,0
DA:13,0
DA:18,0
DA:21,0
DA:22,0
DA:23,0
LF:9
LH:1
end_of_record
TN:
SF:lib/features/login/presentation/entry.dart
FNF:0
FNH:0
DA:10,1
DA:12,0
DA:14,0
DA:16,0
DA:18,0
DA:19,0
DA:24,0
DA:29,0
DA:30,0
DA:31,0
DA:37,0
DA:38,0
DA:39,0
DA:40,0
LF:14
LH:1
end_of_record
TN:
SF:lib/presentation/layouts/mobile_layout.part.dart
FNF:0
FNH:0
DA:4,0
DA:14,0
DA:25,0
DA:27,0
DA:28,0
DA:30,0
DA:32,0
DA:34,0
DA:35,0
DA:36,0
DA:37,0
DA:40,0
LF:12
LH:0
end_of_record
TN:
SF:lib/presentation/layouts/tablet_layout.part.dart
FNF:0
FNH:0
DA:4,0
DA:14,0
DA:26,0
DA:27,0
DA:28,0
DA:29,0
DA:30,0
DA:31,0
DA:33,0
DA:34,0
DA:36,0
DA:38,0
DA:39,0
DA:46,0
DA:48,0
DA:49,0
DA:50,0
LF:17
LH:0
end_of_record
TN:
SF:lib/presentation/widgets/animated/squish_switch.dart
FNF:0
FNH:0
DA:7,0
DA:16,0
DA:26,0
DA:27,0
DA:33,0
DA:34,0
DA:35,0
DA:36,0
DA:38,0
DA:42,0
DA:44,0
DA:45,0
DA:47,0
DA:50,0
DA:52,0
DA:53,0
DA:55,0
DA:56,0
DA:57,0
DA:58,0
DA:59,0
DA:60,0
DA:61,0
DA:62,0
DA:63,0
LF:25
LH:0
end_of_record
TN:
SF:lib/presentation/widgets/app_drawer.dart
FNF:0
FNH:0
DA:5,1
DA:7,0
DA:9,0
DA:10,0
DA:11,0
DA:12,0
DA:13,0
DA:14,0
DA:17,0
DA:18,0
DA:21,0
DA:24,0
DA:27,0
LF:13
LH:1
end_of_record
TN:
SF:lib/presentation/widgets/default_app_bar.dart
FNF:0
FNH:0
DA:3,0
LF:1
LH:0
end_of_record
TN:
SF:lib/presentation/widgets/error_view.dart
FNF:0
FNH:0
DA:7,0
DA:13,0
DA:14,0
DA:16,0
DA:18,0
DA:19,0
DA:20,0
DA:23,0
DA:24,0
DA:25,0
DA:26,0
LF:11
LH:0
end_of_record
