TN:
SF:lib/application/blocs/authentication.dart
FNF:0
FNH:0
DA:13,16
DA:14,2
DA:15,2
DA:16,1
DA:17,15
DA:22,1
DA:25,1
DA:26,4
DA:32,1
DA:33,1
DA:34,1
DA:35,1
DA:36,1
DA:37,3
DA:38,1
DA:40,2
DA:42,1
DA:43,2
DA:45,1
DA:46,4
DA:52,1
DA:53,3
DA:54,2
DA:57,1
DA:59,2
DA:61,1
DA:66,1
DA:68,4
LF:28
LH:28
end_of_record
TN:
SF:lib/application/use_cases/create_firestore_user.dart
FNF:0
FNH:0
DA:9,15
DA:10,1
DA:11,2
DA:12,1
DA:17,2
DA:18,2
DA:23,2
DA:30,2
DA:34,14
DA:35,2
DA:36,2
DA:39,2
DA:40,4
DA:41,4
DA:43,14
DA:44,2
DA:45,1
DA:46,2
LF:18
LH:18
end_of_record
TN:
SF:lib/core/adapters.dart
FNF:0
FNH:0
DA:14,3
DA:31,5
DA:43,4
DA:44,20
LF:4
LH:4
end_of_record
TN:
SF:lib/core/use_cases.dart
FNF:0
FNH:0
DA:8,18
DA:12,28
DA:25,1
DA:31,9
DA:37,4
DA:43,7
DA:49,1
DA:55,1
LF:8
LH:8
end_of_record
TN:
SF:lib/data/adapters/dio_adapter.dart
FNF:0
FNH:0
DA:6,14
DA:7,2
DA:8,2
DA:12,5
DA:18,4
DA:27,4
DA:28,12
DA:32,3
DA:37,2
DA:38,6
DA:39,2
DA:40,2
DA:41,2
DA:43,2
DA:44,6
DA:45,4
DA:47,3
DA:52,1
DA:53,3
DA:54,1
DA:55,1
DA:56,1
DA:57,1
DA:59,1
DA:60,3
DA:61,2
DA:63,3
DA:68,1
DA:69,3
DA:70,1
DA:71,1
DA:72,1
DA:73,1
DA:75,1
DA:76,3
DA:77,2
DA:79,3
DA:84,1
DA:85,3
DA:86,1
DA:87,1
DA:88,1
DA:89,1
DA:91,1
DA:92,3
DA:93,2
DA:95,3
DA:100,1
DA:101,3
DA:102,1
DA:103,1
DA:104,1
DA:106,1
DA:107,3
DA:108,2
DA:110,3
LF:56
LH:56
end_of_record
TN:
SF:lib/data/repositories/repository.dart
FNF:0
FNH:0
DA:3,1
LF:1
LH:1
end_of_record
TN:
SF:lib/domain/models/app_user.dart
FNF:0
FNH:0
DA:10,4
DA:18,6
DA:19,6
DA:21,1
DA:22,3
LF:5
LH:5
end_of_record
TN:
SF:lib/features/games/application/blocs/favorites_list.dart
FNF:0
FNH:0
DA:31,28
DA:36,8
DA:40,6
DA:41,2
DA:42,4
DA:43,4
DA:44,4
DA:45,4
DA:46,4
DA:47,4
DA:49,2
DA:50,2
DA:58,2
DA:65,2
DA:73,2
DA:74,2
DA:75,12
DA:76,2
DA:91,2
DA:92,4
DA:93,2
DA:96,2
DA:97,2
DA:98,2
DA:99,2
DA:100,4
DA:101,4
DA:102,4
DA:103,2
DA:104,0
DA:106,2
DA:107,8
DA:109,2
DA:110,4
DA:113,2
DA:114,4
DA:115,4
DA:116,2
DA:117,8
DA:118,4
DA:120,2
DA:121,2
DA:122,6
DA:123,4
DA:125,4
DA:126,2
DA:127,2
DA:131,6
DA:133,4
DA:134,4
DA:135,2
DA:136,0
DA:137,2
DA:139,2
DA:140,1
DA:141,2
DA:144,2
DA:145,2
DA:146,0
DA:147,2
DA:149,2
DA:150,0
DA:151,2
DA:157,2
DA:158,6
DA:160,2
DA:161,2
DA:162,2
DA:165,2
DA:170,2
DA:172,6
DA:173,2
DA:174,4
DA:175,2
DA:177,0
DA:178,0
DA:183,2
DA:184,6
DA:186,2
DA:187,2
DA:188,10
DA:189,2
DA:190,2
DA:191,2
DA:192,4
DA:195,0
DA:196,0
DA:203,1
DA:204,3
DA:206,1
DA:207,1
DA:208,5
DA:209,1
DA:210,2
DA:211,1
DA:213,0
DA:214,0
DA:221,2
DA:222,2
DA:223,2
DA:224,2
DA:225,2
DA:226,2
DA:230,2
DA:231,6
DA:232,0
DA:236,1
DA:237,3
DA:238,1
DA:239,1
DA:240,1
DA:243,1
DA:244,0
DA:245,0
DA:246,0
DA:247,0
DA:251,2
DA:255,1
DA:256,3
DA:257,1
DA:258,1
DA:259,1
DA:262,1
DA:263,0
DA:264,0
DA:265,0
DA:266,0
DA:270,2
LF:128
LH:109
end_of_record
TN:
SF:lib/features/games/application/services/favorites_service.dart
FNF:0
FNH:0
DA:8,18
DA:9,6
DA:10,3
DA:11,10
DA:14,3
DA:19,2
DA:20,8
DA:21,2
DA:22,2
DA:24,2
DA:32,2
DA:34,14
DA:36,4
DA:37,2
DA:38,2
DA:39,6
LF:16
LH:16
end_of_record
TN:
SF:lib/features/games/application/services/games_list.dart
FNF:0
FNH:0
DA:10,4
DA:11,2
DA:12,2
DA:13,2
DA:15,1
DA:16,2
DA:17,1
DA:18,2
DA:22,1
DA:23,0
DA:24,1
DA:27,0
LF:12
LH:10
end_of_record
TN:
SF:lib/features/games/application/use_cases/add_favorite_game.dart
FNF:0
FNH:0
DA:7,6
DA:8,6
DA:9,6
DA:10,3
DA:11,6
DA:15,3
DA:20,2
DA:23,10
DA:25,1
DA:26,2
LF:10
LH:10
end_of_record
TN:
SF:lib/features/games/application/use_cases/fetch_all_games.dart
FNF:0
FNH:0
DA:9,11
DA:10,4
DA:11,2
DA:12,4
DA:13,4
DA:17,2
DA:18,9
DA:21,4
DA:30,4
DA:31,12
DA:32,4
DA:33,8
DA:37,4
DA:38,4
DA:39,20
LF:15
LH:15
end_of_record
TN:
SF:lib/features/games/application/use_cases/fetch_user_favorites.dart
FNF:0
FNH:0
DA:8,9
DA:9,3
DA:10,6
DA:12,3
DA:14,6
DA:19,3
DA:26,3
DA:30,18
DA:31,6
DA:35,15
DA:36,3
DA:37,1
DA:38,2
LF:13
LH:13
end_of_record
TN:
SF:lib/features/games/application/use_cases/filter_games_list.dart
FNF:0
FNH:0
DA:8,8
DA:14,5
DA:16,2
DA:19,2
DA:20,2
DA:21,4
DA:22,2
DA:23,2
DA:24,10
LF:9
LH:9
end_of_record
TN:
SF:lib/features/games/application/use_cases/merge_game_favorites.dart
FNF:0
FNH:0
DA:16,9
DA:17,3
DA:18,6
DA:19,3
DA:21,6
DA:25,4
DA:31,3
DA:33,15
DA:34,3
DA:35,3
DA:36,6
DA:37,3
DA:38,6
DA:39,3
DA:41,3
DA:42,6
DA:45,3
DA:46,1
DA:47,6
DA:48,1
DA:49,1
DA:50,1
DA:51,1
DA:52,1
DA:54,1
DA:58,1
LF:26
LH:26
end_of_record
TN:
SF:lib/features/games/application/use_cases/remove_favorite_game.dart
FNF:0
FNH:0
DA:7,6
DA:8,6
DA:9,6
DA:10,3
DA:11,6
DA:15,3
DA:20,2
DA:23,10
DA:25,1
DA:26,2
LF:10
LH:10
end_of_record
TN:
SF:lib/features/games/application/use_cases/setup_game_favorites.dart
FNF:0
FNH:0
DA:15,3
DA:16,1
DA:17,2
DA:18,1
DA:20,2
DA:24,1
DA:30,1
DA:32,5
DA:33,1
DA:34,2
DA:35,1
DA:36,1
DA:37,1
DA:39,1
DA:40,2
DA:43,1
LF:16
LH:16
end_of_record
TN:
SF:lib/features/games/data/data_sources/games_api.dart
FNF:0
FNH:0
DA:3,12
DA:4,3
DA:8,32
LF:3
LH:3
end_of_record
TN:
SF:lib/features/games/data/repositories/games.dart
FNF:0
FNH:0
DA:11,4
DA:12,2
DA:13,5
DA:14,2
DA:16,1
DA:20,4
DA:23,1
DA:26,1
DA:30,1
DA:31,3
DA:33,1
DA:34,1
DA:37,1
LF:13
LH:13
end_of_record
TN:
SF:lib/features/games/domain/models/favorites/favorite.dart
FNF:0
FNH:0
DA:10,12
DA:20,7
DA:21,7
DA:22,14
DA:24,4
DA:25,16
LF:6
LH:6
end_of_record
TN:
SF:lib/features/games/domain/models/game/game.dart
FNF:0
FNH:0
DA:25,8
LF:1
LH:1
end_of_record
TN:
SF:lib/features/games/domain/value_objects/add_favorite_game_params.dart
FNF:0
FNH:0
DA:6,3
DA:11,1
DA:12,3
LF:3
LH:3
end_of_record
TN:
SF:lib/features/games/domain/value_objects/fetch_user_favorites_params.dart
FNF:0
FNH:0
DA:4,2
DA:5,2
DA:9,4
DA:13,1
DA:14,2
LF:5
LH:5
end_of_record
TN:
SF:lib/features/games/domain/value_objects/filter_games_list_params.dart
FNF:0
FNH:0
DA:7,3
DA:15,1
DA:16,3
LF:3
LH:3
end_of_record
TN:
SF:lib/features/games/domain/value_objects/merge_game_favorites_params.dart
FNF:0
FNH:0
DA:8,4
DA:20,1
DA:21,5
LF:3
LH:3
end_of_record
TN:
SF:lib/features/games/domain/value_objects/remove_favorite_game_params.dart
FNF:0
FNH:0
DA:5,3
DA:11,1
DA:12,3
LF:3
LH:3
end_of_record
TN:
SF:lib/features/games/domain/value_objects/setup_game_favorites_params.dart
FNF:0
FNH:0
DA:8,2
DA:18,1
DA:19,4
LF:3
LH:3
end_of_record
TN:
SF:lib/features/games/presentation/listing_page.dart
FNF:0
FNH:0
DA:12,4
DA:14,0
DA:16,0
DA:17,0
DA:18,0
DA:19,0
DA:20,0
DA:21,0
DA:25,0
DA:27,0
DA:28,0
DA:31,0
DA:33,0
DA:34,0
DA:36,0
DA:37,0
DA:38,0
DA:39,0
DA:40,0
DA:42,0
DA:43,0
LF:21
LH:1
end_of_record
TN:
SF:lib/features/games/presentation/my_favorites.dart
FNF:0
FNH:0
DA:12,4
DA:14,0
DA:15,0
DA:16,0
DA:20,0
DA:21,0
DA:22,0
DA:26,0
DA:28,0
DA:33,4
DA:35,0
DA:37,0
DA:39,0
DA:40,0
DA:41,0
DA:42,0
DA:43,0
DA:45,0
DA:46,0
DA:47,0
DA:52,0
DA:53,0
DA:54,0
DA:55,0
DA:56,0
DA:57,0
DA:58,0
DA:60,0
DA:61,0
DA:62,0
DA:66,0
DA:70,0
LF:32
LH:2
end_of_record
TN:
SF:lib/features/games/presentation/view_models/game.dart
FNF:0
FNH:0
DA:12,2
DA:13,3
DA:18,7
DA:30,1
DA:31,2
DA:32,1
DA:34,1
DA:35,5
DA:37,5
DA:40,1
DA:45,3
DA:46,12
LF:12
LH:12
end_of_record
TN:
SF:lib/features/games/presentation/widgets/game_tile.dart
FNF:0
FNH:0
DA:9,0
DA:13,0
DA:15,0
DA:16,0
DA:18,0
DA:21,0
DA:22,0
DA:23,0
DA:24,0
DA:25,0
DA:26,0
DA:27,0
DA:28,0
DA:31,0
DA:32,0
DA:33,0
DA:34,0
DA:37,0
DA:47,0
DA:48,0
DA:49,0
DA:51,0
LF:22
LH:0
end_of_record
TN:
SF:lib/features/games/presentation/widgets/games_filter.dart
FNF:0
FNH:0
DA:6,4
DA:8,0
DA:10,0
DA:11,0
DA:13,0
DA:14,0
DA:17,0
DA:18,0
DA:19,0
LF:9
LH:1
end_of_record
TN:
SF:lib/features/login/presentation/entry.dart
FNF:0
FNH:0
DA:10,4
DA:12,0
DA:14,0
DA:16,0
DA:18,0
DA:19,0
DA:24,0
DA:29,0
DA:30,0
DA:31,0
DA:37,0
DA:38,0
DA:39,0
DA:40,0
LF:14
LH:1
end_of_record
TN:
SF:lib/presentation/layouts/mobile_layout.part.dart
FNF:0
FNH:0
DA:4,0
DA:14,0
DA:25,0
DA:27,0
DA:28,0
DA:30,0
DA:32,0
DA:34,0
DA:35,0
DA:36,0
DA:37,0
DA:40,0
LF:12
LH:0
end_of_record
TN:
SF:lib/presentation/layouts/tablet_layout.part.dart
FNF:0
FNH:0
DA:4,0
DA:15,0
DA:28,0
DA:29,0
DA:30,0
DA:31,0
DA:32,0
DA:33,0
DA:34,0
DA:36,0
DA:37,0
DA:38,0
DA:40,0
DA:41,0
DA:43,0
DA:44,0
DA:45,0
DA:52,0
DA:54,0
DA:55,0
DA:56,0
LF:21
LH:0
end_of_record
TN:
SF:lib/presentation/widgets/animated/squish_switch.dart
FNF:0
FNH:0
DA:7,0
DA:16,0
DA:26,0
DA:27,0
DA:33,0
DA:34,0
DA:35,0
DA:36,0
DA:38,0
DA:42,0
DA:44,0
DA:45,0
DA:47,0
DA:50,0
DA:52,0
DA:53,0
DA:55,0
DA:56,0
DA:57,0
DA:58,0
DA:59,0
DA:60,0
DA:61,0
DA:62,0
DA:63,0
LF:25
LH:0
end_of_record
TN:
SF:lib/presentation/widgets/app_drawer.dart
FNF:0
FNH:0
DA:5,4
DA:7,0
DA:9,0
DA:10,0
DA:11,0
DA:12,0
DA:13,0
DA:14,0
DA:17,0
DA:18,0
DA:21,0
DA:24,0
DA:27,0
LF:13
LH:1
end_of_record
TN:
SF:lib/presentation/widgets/default_app_bar.dart
FNF:0
FNH:0
DA:3,0
LF:1
LH:0
end_of_record
TN:
SF:lib/presentation/widgets/error_view.dart
FNF:0
FNH:0
DA:7,0
DA:13,0
DA:14,0
DA:16,0
DA:18,0
DA:19,0
DA:20,0
DA:23,0
DA:24,0
DA:25,0
DA:26,0
LF:11
LH:0
end_of_record
